Compilazione avviata 19/10/2017 17:41:30.
     1>Progetto "C:\Users\Giuseppe\Desktop\Emotion\Emotion\Emotion\Emotion\Emotion.vcxproj" sul nodo 2 (destinazioni: Build).
     1>ClCompile:
         C:\Program Files (x86)\Microsoft Visual Studio 11.0\VC\bin\x86_amd64\CL.exe /c /I.\GeneratedFiles /I. /IC:\Qt\Qt5.1.1\5.1.1\msvc2012_64\include /I.\GeneratedFiles\Debug /IC:\Qt\Qt5.1.1\5.1.1\msvc2012_64\include\QtCore /IC:\Qt\Qt5.1.1\5.1.1\msvc2012_64\include\QtGui /IC:\Qt\Qt5.1.1\5.1.1\msvc2012_64\include\QtWidgets /IC:\opencv\build\include\opencv2 /IC:\opencv\build\include\opencv /IC:\opencv\build\include /I"C:\dlib-19.1" /I"C:\libsvm-3.22" /Zi /nologo /W1 /WX- /Od /D UNICODE /D WIN32 /D WIN64 /D QT_DLL /D QT_CORE_LIB /D QT_GUI_LIB /D QT_WIDGETS_LIB /D _CTR_SECURE_NO_WARNINGS /Gm- /EHsc /MDd /GS /fp:precise /Zc:wchar_t /Zc:forScope /Fo"x64\Debug\\" /Fd"x64\Debug\vc110.pdb" /Gd /TP /errorReport:prompt emotion.cpp GeneratedFiles\Debug\moc_emotion.cpp main.cpp
         emotion.cpp
         moc_emotion.cpp
         main.cpp
         Generazione del codice in corso...
         C:\Program Files (x86)\Microsoft Visual Studio 11.0\VC\bin\x86_amd64\CL.exe /c /I.\GeneratedFiles /I. /IC:\Qt\Qt5.1.1\5.1.1\msvc2012_64\include /I.\GeneratedFiles\Debug /IC:\Qt\Qt5.1.1\5.1.1\msvc2012_64\include\QtCore /IC:\Qt\Qt5.1.1\5.1.1\msvc2012_64\include\QtGui /IC:\Qt\Qt5.1.1\5.1.1\msvc2012_64\include\QtWidgets /IC:\opencv\build\include\opencv2 /IC:\opencv\build\include\opencv /IC:\opencv\build\include /I"C:\dlib-19.1" /I"C:\libsvm-3.22" /Zi /nologo /W1 /WX- /Od /D UNICODE /D WIN32 /D WIN64 /D QT_DLL /D QT_CORE_LIB /D QT_GUI_LIB /D QT_WIDGETS_LIB /D _CTR_SECURE_NO_WARNINGS /Gm- /EHsc /MDd /GS /fp:precise /Zc:wchar_t /Zc:forScope /Fo"x64\Debug\\" /Fd"x64\Debug\vc110.pdb" /Gd /TP /errorReport:prompt GeneratedFiles\qrc_emotion.cpp
         qrc_emotion.cpp
       Link:
         C:\Program Files (x86)\Microsoft Visual Studio 11.0\VC\bin\x86_amd64\link.exe /ERRORREPORT:PROMPT /OUT:"C:\Users\Giuseppe\Desktop\Emotion\Emotion\Emotion\x64\Debug\\Emotion.exe" /NOLOGO /LIBPATH:C:\Qt\Qt5.1.1\5.1.1\msvc2012_64\lib /LIBPATH:C:\opencv\build\x64\vc11\staticlib /LIBPATH:C:\opencv\build\x64\vc11\bin /LIBPATH:C:\opencv\build\x64\vc11\lib /LIBPATH:"C:\dlib-19.1\build\dlib\Release" qtmaind.lib Qt5Cored.lib Qt5Guid.lib Qt5Widgetsd.lib opencv_world300.lib dlib.lib kernel32.lib user32.lib gdi32.lib winspool.lib comdlg32.lib advapi32.lib shell32.lib ole32.lib oleaut32.lib uuid.lib odbc32.lib odbccp32.lib /MANIFEST /MANIFESTUAC:"level='asInvoker' uiAccess='false'" /manifest:embed /DEBUG /PDB:"C:\Users\Giuseppe\Desktop\Emotion\Emotion\Emotion\x64\Debug\Emotion.pdb" /SUBSYSTEM:WINDOWS /TLBID:1 /DYNAMICBASE /NXCOMPAT /IMPLIB:"C:\Users\Giuseppe\Desktop\Emotion\Emotion\Emotion\x64\Debug\Emotion.lib" /MACHINE:X64 x64\Debug\emotion.obj
         x64\Debug\moc_emotion.obj
         x64\Debug\qrc_emotion.obj
         x64\Debug\main.obj
     1>dlib.lib(entropy_decoder_kernel_2.obj) : error LNK2038: rilevata errata corrispondenza per '_ITERATOR_DEBUG_LEVEL': il valore '0' non corrisponde al valore '2' in emotion.obj
     1>dlib.lib(entropy_decoder_kernel_2.obj) : error LNK2038: rilevata errata corrispondenza per 'RuntimeLibrary': il valore 'MD_DynamicRelease' non corrisponde al valore 'MDd_DynamicDebug' in emotion.obj
     1>dlib.lib(base64_kernel_1.obj) : error LNK2038: rilevata errata corrispondenza per '_ITERATOR_DEBUG_LEVEL': il valore '0' non corrisponde al valore '2' in emotion.obj
     1>dlib.lib(base64_kernel_1.obj) : error LNK2038: rilevata errata corrispondenza per 'RuntimeLibrary': il valore 'MD_DynamicRelease' non corrisponde al valore 'MDd_DynamicDebug' in emotion.obj
     1>LINK : warning LNK4098: la libreria predefinita 'MSVCRT' Þ in conflitto con l'utilizzo di altre librerie; utilizzare /NODEFAULTLIB:libreria
     1>emotion.obj : error LNK2001: simbolo esterno USER_ERROR__missing_dlib_all_source_cpp_file__OR__inconsistent_use_of_DEBUG_or_ENABLE_ASSERTS_preprocessor_directives non risolto
     1>C:\Users\Giuseppe\Desktop\Emotion\Emotion\Emotion\x64\Debug\\Emotion.exe : fatal error LNK1120: 1 esterni non risolti
     1>Compilazione progetto "C:\Users\Giuseppe\Desktop\Emotion\Emotion\Emotion\Emotion\Emotion.vcxproj" (destinazioni: Build) NON COMPLETATA.

Compilazione NON RIUSCITA.

Tempo trascorso 00:00:25.29
